<?xml version="1.0" encoding="UTF-8"?>
<testsuite xmlns:xsi="http://www.w3.org/2001/XMLSchema-instance" xsi:noNamespaceSchemaLocation="https://maven.apache.org/surefire/maven-surefire-plugin/xsd/surefire-test-report-3.0.xsd" version="3.0" name="LoginTest" time="30.483" tests="9" errors="2" skipped="0" failures="0">
  <properties>
[...]
</properties>
  <testcase name="testLoginComSucesso" classname="LoginTest" time="4.215">
    <system-out><![CDATA[21:26:50.397 [main] DEBUG io.github.bonigarcia.wdm.WebDriverManager -- Using WebDriverManager 5.9.2
21:26:50.731 [main] DEBUG io.github.bonigarcia.wdm.cache.ResolutionCache -- Resolution chrome=135 in cache (valid until 22:05:58 22/04/2025 BRT)
21:26:50.731 [main] DEBUG io.github.bonigarcia.wdm.cache.ResolutionCache -- Resolution chrome135=135.0.7049.97 in cache (valid until 21:05:58 23/04/2025 BRT)
21:26:50.731 [main] INFO io.github.bonigarcia.wdm.WebDriverManager -- Using chromedriver 135.0.7049.97 (resolved driver for Chrome 135)
21:26:50.775 [main] DEBUG io.github.bonigarcia.wdm.WebDriverManager -- Driver chromedriver 135.0.7049.97 found in cache
21:26:50.777 [main] INFO io.github.bonigarcia.wdm.WebDriverManager -- Exporting webdriver.chrome.driver as C:\Users\junior\.cache\selenium\chromedriver\win64\135.0.7049.97\chromedriver.exe
]]></system-out>
    <system-err><![CDATA[abr. 22, 2025 9:26:51 PM org.openqa.selenium.devtools.CdpVersionFinder findNearestMatch
WARNING: Unable to find an exact match for CDP version 135, returning the closest version; found: 131; Please update to a Selenium version that supports CDP version 135
]]></system-err>
  </testcase>
  <testcase name="testUsuarioIncorretoSenhaCorreta" classname="LoginTest" time="3.297">
    <system-out><![CDATA[21:26:54.505 [main] DEBUG io.github.bonigarcia.wdm.WebDriverManager -- Using WebDriverManager 5.9.2
21:26:54.523 [main] DEBUG io.github.bonigarcia.wdm.cache.ResolutionCache -- Resolution chrome=135 in cache (valid until 22:05:58 22/04/2025 BRT)
21:26:54.523 [main] DEBUG io.github.bonigarcia.wdm.cache.ResolutionCache -- Resolution chrome135=135.0.7049.97 in cache (valid until 21:05:58 23/04/2025 BRT)
21:26:54.523 [main] INFO io.github.bonigarcia.wdm.WebDriverManager -- Using chromedriver 135.0.7049.97 (resolved driver for Chrome 135)
21:26:54.535 [main] DEBUG io.github.bonigarcia.wdm.WebDriverManager -- Driver chromedriver 135.0.7049.97 found in cache
21:26:54.535 [main] INFO io.github.bonigarcia.wdm.WebDriverManager -- Exporting webdriver.chrome.driver as C:\Users\junior\.cache\selenium\chromedriver\win64\135.0.7049.97\chromedriver.exe
]]></system-out>
    <system-err><![CDATA[abr. 22, 2025 9:26:55 PM org.openqa.selenium.devtools.CdpVersionFinder findNearestMatch
WARNING: Unable to find an exact match for CDP version 135, returning the closest version; found: 131; Please update to a Selenium version that supports CDP version 135
]]></system-err>
  </testcase>
  <testcase name="testUsuarioCorretoSenhaIncorreta" classname="LoginTest" time="3.298">
    <error message="no such element: Unable to locate element: {&quot;method&quot;:&quot;xpath&quot;,&quot;selector&quot;:&quot;//*[contains(text(), &apos;Your password is invalid!&apos;)]&quot;}&#10;  (Session info: chrome=135.0.7049.96)&#10;For documentation on this error, please visit: https://www.selenium.dev/documentation/webdriver/troubleshooting/errors#no-such-element-exception&#10;Build info: version: &apos;4.27.0&apos;, revision: &apos;d6e718d134&apos;&#10;System info: os.name: &apos;Windows 11&apos;, os.arch: &apos;amd64&apos;, os.version: &apos;10.0&apos;, java.version: &apos;21.0.5&apos;&#10;Driver info: org.openqa.selenium.chrome.ChromeDriver&#10;Command: [43a680de1246f05cd23ab4ee924d80f0, findElement {using=xpath, value=//*[contains(text(), &apos;Your password is invalid!&apos;)]}]&#10;Capabilities {acceptInsecureCerts: false, browserName: chrome, browserVersion: 135.0.7049.96, chrome: {chromedriverVersion: 135.0.7049.97 (b41307079c9b..., userDataDir: C:\Users\junior\AppData\Loc...}, fedcm:accounts: true, goog:chromeOptions: {debuggerAddress: localhost:53145}, networkConnectionEnabled: false, pageLoadStrategy: normal, platformName: windows, proxy: Proxy(), se:cdp: ws://localhost:53145/devtoo..., se:cdpVersion: 135.0.7049.96, setWindowRect: true, strictFileInteractability: false, timeouts: {implicit: 0, pageLoad: 300000, script: 30000}, unhandledPromptBehavior: dismiss and notify, webauthn:extension:credBlob: true, webauthn:extension:largeBlob: true, webauthn:extension:minPinLength: true, webauthn:extension:prf: true, webauthn:virtualAuthenticators: true}&#10;Session ID: 43a680de1246f05cd23ab4ee924d80f0" type="org.openqa.selenium.NoSuchElementException"><![CDATA[org.openqa.selenium.NoSuchElementException: 
no such element: Unable to locate element: {"method":"xpath","selector":"//*[contains(text(), 'Your password is invalid!')]"}
  (Session info: chrome=135.0.7049.96)
For documentation on this error, please visit: https://www.selenium.dev/documentation/webdriver/troubleshooting/errors#no-such-element-exception
Build info: version: '4.27.0', revision: 'd6e718d134'
System info: os.name: 'Windows 11', os.arch: 'amd64', os.version: '10.0', java.version: '21.0.5'
Driver info: org.openqa.selenium.chrome.ChromeDriver
Command: [43a680de1246f05cd23ab4ee924d80f0, findElement {using=xpath, value=//*[contains(text(), 'Your password is invalid!')]}]
Capabilities {acceptInsecureCerts: false, browserName: chrome, browserVersion: 135.0.7049.96, chrome: {chromedriverVersion: 135.0.7049.97 (b41307079c9b..., userDataDir: C:\Users\junior\AppData\Loc...}, fedcm:accounts: true, goog:chromeOptions: {debuggerAddress: localhost:53145}, networkConnectionEnabled: false, pageLoadStrategy: normal, platformName: windows, proxy: Proxy(), se:cdp: ws://localhost:53145/devtoo..., se:cdpVersion: 135.0.7049.96, setWindowRect: true, strictFileInteractability: false, timeouts: {implicit: 0, pageLoad: 300000, script: 30000}, unhandledPromptBehavior: dismiss and notify, webauthn:extension:credBlob: true, webauthn:extension:largeBlob: true, webauthn:extension:minPinLength: true, webauthn:extension:prf: true, webauthn:virtualAuthenticators: true}
Session ID: 43a680de1246f05cd23ab4ee924d80f0
	at java.base/jdk.internal.reflect.DirectConstructorHandleAccessor.newInstance(DirectConstructorHandleAccessor.java:62)
	at java.base/java.lang.reflect.Constructor.newInstanceWithCaller(Constructor.java:502)
	at java.base/java.lang.reflect.Constructor.newInstance(Constructor.java:486)
	at org.openqa.selenium.remote.ErrorCodec.decode(ErrorCodec.java:167)
	at org.openqa.selenium.remote.codec.w3c.W3CHttpResponseCodec.decode(W3CHttpResponseCodec.java:138)
	at org.openqa.selenium.remote.codec.w3c.W3CHttpResponseCodec.decode(W3CHttpResponseCodec.java:50)
	at org.openqa.selenium.remote.HttpCommandExecutor.execute(HttpCommandExecutor.java:190)
	at org.openqa.selenium.remote.service.DriverCommandExecutor.invokeExecute(DriverCommandExecutor.java:216)
	at org.openqa.selenium.remote.service.DriverCommandExecutor.execute(DriverCommandExecutor.java:174)
	at org.openqa.selenium.remote.RemoteWebDriver.execute(RemoteWebDriver.java:545)
	at org.openqa.selenium.remote.ElementLocation$ElementFinder$2.findElement(ElementLocation.java:165)
	at org.openqa.selenium.remote.ElementLocation.findElement(ElementLocation.java:59)
	at org.openqa.selenium.remote.RemoteWebDriver.findElement(RemoteWebDriver.java:368)
	at org.openqa.selenium.remote.RemoteWebDriver.findElement(RemoteWebDriver.java:362)
	at LoginTest.testUsuarioCorretoSenhaIncorreta(LoginTest.java:65)
	at java.base/java.lang.reflect.Method.invoke(Method.java:580)
	at java.base/java.util.ArrayList.forEach(ArrayList.java:1596)
	at java.base/java.util.ArrayList.forEach(ArrayList.java:1596)
]]></error>
    <system-out><![CDATA[21:26:57.803 [main] DEBUG io.github.bonigarcia.wdm.WebDriverManager -- Using WebDriverManager 5.9.2
21:26:57.812 [main] DEBUG io.github.bonigarcia.wdm.cache.ResolutionCache -- Resolution chrome=135 in cache (valid until 22:05:58 22/04/2025 BRT)
21:26:57.814 [main] DEBUG io.github.bonigarcia.wdm.cache.ResolutionCache -- Resolution chrome135=135.0.7049.97 in cache (valid until 21:05:58 23/04/2025 BRT)
21:26:57.814 [main] INFO io.github.bonigarcia.wdm.WebDriverManager -- Using chromedriver 135.0.7049.97 (resolved driver for Chrome 135)
21:26:57.822 [main] DEBUG io.github.bonigarcia.wdm.WebDriverManager -- Driver chromedriver 135.0.7049.97 found in cache
21:26:57.822 [main] INFO io.github.bonigarcia.wdm.WebDriverManager -- Exporting webdriver.chrome.driver as C:\Users\junior\.cache\selenium\chromedriver\win64\135.0.7049.97\chromedriver.exe
]]></system-out>
    <system-err><![CDATA[abr. 22, 2025 9:26:58 PM org.openqa.selenium.devtools.CdpVersionFinder findNearestMatch
WARNING: Unable to find an exact match for CDP version 135, returning the closest version; found: 131; Please update to a Selenium version that supports CDP version 135
]]></system-err>
  </testcase>
  <testcase name="testCamposEmBranco" classname="LoginTest" time="3.151">
    <system-out><![CDATA[21:27:01.101 [main] DEBUG io.github.bonigarcia.wdm.WebDriverManager -- Using WebDriverManager 5.9.2
21:27:01.117 [main] DEBUG io.github.bonigarcia.wdm.cache.ResolutionCache -- Resolution chrome=135 in cache (valid until 22:05:58 22/04/2025 BRT)
21:27:01.117 [main] DEBUG io.github.bonigarcia.wdm.cache.ResolutionCache -- Resolution chrome135=135.0.7049.97 in cache (valid until 21:05:58 23/04/2025 BRT)
21:27:01.117 [main] INFO io.github.bonigarcia.wdm.WebDriverManager -- Using chromedriver 135.0.7049.97 (resolved driver for Chrome 135)
21:27:01.128 [main] DEBUG io.github.bonigarcia.wdm.WebDriverManager -- Driver chromedriver 135.0.7049.97 found in cache
21:27:01.128 [main] INFO io.github.bonigarcia.wdm.WebDriverManager -- Exporting webdriver.chrome.driver as C:\Users\junior\.cache\selenium\chromedriver\win64\135.0.7049.97\chromedriver.exe
]]></system-out>
    <system-err><![CDATA[abr. 22, 2025 9:27:01 PM org.openqa.selenium.devtools.CdpVersionFinder findNearestMatch
WARNING: Unable to find an exact match for CDP version 135, returning the closest version; found: 131; Please update to a Selenium version that supports CDP version 135
]]></system-err>
  </testcase>
  <testcase name="testUsuarioEmBrancoSenhaCorreta" classname="LoginTest" time="3.268">
    <system-out><![CDATA[21:27:04.254 [main] DEBUG io.github.bonigarcia.wdm.WebDriverManager -- Using WebDriverManager 5.9.2
21:27:04.262 [main] DEBUG io.github.bonigarcia.wdm.cache.ResolutionCache -- Resolution chrome=135 in cache (valid until 22:05:58 22/04/2025 BRT)
21:27:04.262 [main] DEBUG io.github.bonigarcia.wdm.cache.ResolutionCache -- Resolution chrome135=135.0.7049.97 in cache (valid until 21:05:58 23/04/2025 BRT)
21:27:04.262 [main] INFO io.github.bonigarcia.wdm.WebDriverManager -- Using chromedriver 135.0.7049.97 (resolved driver for Chrome 135)
21:27:04.274 [main] DEBUG io.github.bonigarcia.wdm.WebDriverManager -- Driver chromedriver 135.0.7049.97 found in cache
21:27:04.274 [main] INFO io.github.bonigarcia.wdm.WebDriverManager -- Exporting webdriver.chrome.driver as C:\Users\junior\.cache\selenium\chromedriver\win64\135.0.7049.97\chromedriver.exe
]]></system-out>
    <system-err><![CDATA[abr. 22, 2025 9:27:04 PM org.openqa.selenium.devtools.CdpVersionFinder findNearestMatch
WARNING: Unable to find an exact match for CDP version 135, returning the closest version; found: 131; Please update to a Selenium version that supports CDP version 135
]]></system-err>
  </testcase>
  <testcase name="testUsuarioCorretoSenhaEmBranco" classname="LoginTest" time="3.299">
    <system-out><![CDATA[21:27:07.520 [main] DEBUG io.github.bonigarcia.wdm.WebDriverManager -- Using WebDriverManager 5.9.2
21:27:07.520 [main] DEBUG io.github.bonigarcia.wdm.cache.ResolutionCache -- Resolution chrome=135 in cache (valid until 22:05:58 22/04/2025 BRT)
21:27:07.520 [main] DEBUG io.github.bonigarcia.wdm.cache.ResolutionCache -- Resolution chrome135=135.0.7049.97 in cache (valid until 21:05:58 23/04/2025 BRT)
21:27:07.520 [main] INFO io.github.bonigarcia.wdm.WebDriverManager -- Using chromedriver 135.0.7049.97 (resolved driver for Chrome 135)
21:27:07.539 [main] DEBUG io.github.bonigarcia.wdm.WebDriverManager -- Driver chromedriver 135.0.7049.97 found in cache
21:27:07.539 [main] INFO io.github.bonigarcia.wdm.WebDriverManager -- Exporting webdriver.chrome.driver as C:\Users\junior\.cache\selenium\chromedriver\win64\135.0.7049.97\chromedriver.exe
]]></system-out>
    <system-err><![CDATA[abr. 22, 2025 9:27:08 PM org.openqa.selenium.devtools.CdpVersionFinder findNearestMatch
WARNING: Unable to find an exact match for CDP version 135, returning the closest version; found: 131; Please update to a Selenium version that supports CDP version 135
]]></system-err>
  </testcase>
  <testcase name="testUsuarioEmBrancoSenhaIncorreta" classname="LoginTest" time="3.283">
    <system-out><![CDATA[21:27:10.821 [main] DEBUG io.github.bonigarcia.wdm.WebDriverManager -- Using WebDriverManager 5.9.2
21:27:10.823 [main] DEBUG io.github.bonigarcia.wdm.cache.ResolutionCache -- Resolution chrome=135 in cache (valid until 22:05:58 22/04/2025 BRT)
21:27:10.823 [main] DEBUG io.github.bonigarcia.wdm.cache.ResolutionCache -- Resolution chrome135=135.0.7049.97 in cache (valid until 21:05:58 23/04/2025 BRT)
21:27:10.823 [main] INFO io.github.bonigarcia.wdm.WebDriverManager -- Using chromedriver 135.0.7049.97 (resolved driver for Chrome 135)
21:27:10.840 [main] DEBUG io.github.bonigarcia.wdm.WebDriverManager -- Driver chromedriver 135.0.7049.97 found in cache
21:27:10.840 [main] INFO io.github.bonigarcia.wdm.WebDriverManager -- Exporting webdriver.chrome.driver as C:\Users\junior\.cache\selenium\chromedriver\win64\135.0.7049.97\chromedriver.exe
]]></system-out>
    <system-err><![CDATA[abr. 22, 2025 9:27:11 PM org.openqa.selenium.devtools.CdpVersionFinder findNearestMatch
WARNING: Unable to find an exact match for CDP version 135, returning the closest version; found: 131; Please update to a Selenium version that supports CDP version 135
]]></system-err>
  </testcase>
  <testcase name="testUsuarioIncorretoSenhaEmBranco" classname="LoginTest" time="3.35">
    <error message="no such element: Unable to locate element: {&quot;method&quot;:&quot;xpath&quot;,&quot;selector&quot;:&quot;//*[contains(text(), &apos;Your username is invalid!&apos;)]&quot;}&#10;  (Session info: chrome=135.0.7049.96)&#10;For documentation on this error, please visit: https://www.selenium.dev/documentation/webdriver/troubleshooting/errors#no-such-element-exception&#10;Build info: version: &apos;4.27.0&apos;, revision: &apos;d6e718d134&apos;&#10;System info: os.name: &apos;Windows 11&apos;, os.arch: &apos;amd64&apos;, os.version: &apos;10.0&apos;, java.version: &apos;21.0.5&apos;&#10;Driver info: org.openqa.selenium.chrome.ChromeDriver&#10;Command: [37fc8b2118c2e26d3cde76f9d65dc862, findElement {using=xpath, value=//*[contains(text(), &apos;Your username is invalid!&apos;)]}]&#10;Capabilities {acceptInsecureCerts: false, browserName: chrome, browserVersion: 135.0.7049.96, chrome: {chromedriverVersion: 135.0.7049.97 (b41307079c9b..., userDataDir: C:\Users\junior\AppData\Loc...}, fedcm:accounts: true, goog:chromeOptions: {debuggerAddress: localhost:53444}, networkConnectionEnabled: false, pageLoadStrategy: normal, platformName: windows, proxy: Proxy(), se:cdp: ws://localhost:53444/devtoo..., se:cdpVersion: 135.0.7049.96, setWindowRect: true, strictFileInteractability: false, timeouts: {implicit: 0, pageLoad: 300000, script: 30000}, unhandledPromptBehavior: dismiss and notify, webauthn:extension:credBlob: true, webauthn:extension:largeBlob: true, webauthn:extension:minPinLength: true, webauthn:extension:prf: true, webauthn:virtualAuthenticators: true}&#10;Session ID: 37fc8b2118c2e26d3cde76f9d65dc862" type="org.openqa.selenium.NoSuchElementException"><![CDATA[org.openqa.selenium.NoSuchElementException: 
no such element: Unable to locate element: {"method":"xpath","selector":"//*[contains(text(), 'Your username is invalid!')]"}
  (Session info: chrome=135.0.7049.96)
For documentation on this error, please visit: https://www.selenium.dev/documentation/webdriver/troubleshooting/errors#no-such-element-exception
Build info: version: '4.27.0', revision: 'd6e718d134'
System info: os.name: 'Windows 11', os.arch: 'amd64', os.version: '10.0', java.version: '21.0.5'
Driver info: org.openqa.selenium.chrome.ChromeDriver
Command: [37fc8b2118c2e26d3cde76f9d65dc862, findElement {using=xpath, value=//*[contains(text(), 'Your username is invalid!')]}]
Capabilities {acceptInsecureCerts: false, browserName: chrome, browserVersion: 135.0.7049.96, chrome: {chromedriverVersion: 135.0.7049.97 (b41307079c9b..., userDataDir: C:\Users\junior\AppData\Loc...}, fedcm:accounts: true, goog:chromeOptions: {debuggerAddress: localhost:53444}, networkConnectionEnabled: false, pageLoadStrategy: normal, platformName: windows, proxy: Proxy(), se:cdp: ws://localhost:53444/devtoo..., se:cdpVersion: 135.0.7049.96, setWindowRect: true, strictFileInteractability: false, timeouts: {implicit: 0, pageLoad: 300000, script: 30000}, unhandledPromptBehavior: dismiss and notify, webauthn:extension:credBlob: true, webauthn:extension:largeBlob: true, webauthn:extension:minPinLength: true, webauthn:extension:prf: true, webauthn:virtualAuthenticators: true}
Session ID: 37fc8b2118c2e26d3cde76f9d65dc862
	at java.base/jdk.internal.reflect.DirectConstructorHandleAccessor.newInstance(DirectConstructorHandleAccessor.java:62)
	at java.base/java.lang.reflect.Constructor.newInstanceWithCaller(Constructor.java:502)
	at java.base/java.lang.reflect.Constructor.newInstance(Constructor.java:486)
	at org.openqa.selenium.remote.ErrorCodec.decode(ErrorCodec.java:167)
	at org.openqa.selenium.remote.codec.w3c.W3CHttpResponseCodec.decode(W3CHttpResponseCodec.java:138)
	at org.openqa.selenium.remote.codec.w3c.W3CHttpResponseCodec.decode(W3CHttpResponseCodec.java:50)
	at org.openqa.selenium.remote.HttpCommandExecutor.execute(HttpCommandExecutor.java:190)
	at org.openqa.selenium.remote.service.DriverCommandExecutor.invokeExecute(DriverCommandExecutor.java:216)
	at org.openqa.selenium.remote.service.DriverCommandExecutor.execute(DriverCommandExecutor.java:174)
	at org.openqa.selenium.remote.RemoteWebDriver.execute(RemoteWebDriver.java:545)
	at org.openqa.selenium.remote.ElementLocation$ElementFinder$2.findElement(ElementLocation.java:165)
	at org.openqa.selenium.remote.ElementLocation.findElement(ElementLocation.java:59)
	at org.openqa.selenium.remote.RemoteWebDriver.findElement(RemoteWebDriver.java:368)
	at org.openqa.selenium.remote.RemoteWebDriver.findElement(RemoteWebDriver.java:362)
	at LoginTest.testUsuarioIncorretoSenhaEmBranco(LoginTest.java:129)
	at java.base/java.lang.reflect.Method.invoke(Method.java:580)
	at java.base/java.util.ArrayList.forEach(ArrayList.java:1596)
	at java.base/java.util.ArrayList.forEach(ArrayList.java:1596)
]]></error>
    <system-out><![CDATA[21:27:14.106 [main] DEBUG io.github.bonigarcia.wdm.WebDriverManager -- Using WebDriverManager 5.9.2
21:27:14.114 [main] DEBUG io.github.bonigarcia.wdm.cache.ResolutionCache -- Resolution chrome=135 in cache (valid until 22:05:58 22/04/2025 BRT)
21:27:14.114 [main] DEBUG io.github.bonigarcia.wdm.cache.ResolutionCache -- Resolution chrome135=135.0.7049.97 in cache (valid until 21:05:58 23/04/2025 BRT)
21:27:14.114 [main] INFO io.github.bonigarcia.wdm.WebDriverManager -- Using chromedriver 135.0.7049.97 (resolved driver for Chrome 135)
21:27:14.119 [main] DEBUG io.github.bonigarcia.wdm.WebDriverManager -- Driver chromedriver 135.0.7049.97 found in cache
21:27:14.119 [main] INFO io.github.bonigarcia.wdm.WebDriverManager -- Exporting webdriver.chrome.driver as C:\Users\junior\.cache\selenium\chromedriver\win64\135.0.7049.97\chromedriver.exe
]]></system-out>
    <system-err><![CDATA[abr. 22, 2025 9:27:14 PM org.openqa.selenium.devtools.CdpVersionFinder findNearestMatch
WARNING: Unable to find an exact match for CDP version 135, returning the closest version; found: 131; Please update to a Selenium version that supports CDP version 135
]]></system-err>
  </testcase>
  <testcase name="testLoginComCamposLongos" classname="LoginTest" time="3.298">
    <system-out><![CDATA[21:27:17.453 [main] DEBUG io.github.bonigarcia.wdm.WebDriverManager -- Using WebDriverManager 5.9.2
21:27:17.453 [main] DEBUG io.github.bonigarcia.wdm.cache.ResolutionCache -- Resolution chrome=135 in cache (valid until 22:05:58 22/04/2025 BRT)
21:27:17.453 [main] DEBUG io.github.bonigarcia.wdm.cache.ResolutionCache -- Resolution chrome135=135.0.7049.97 in cache (valid until 21:05:58 23/04/2025 BRT)
21:27:17.453 [main] INFO io.github.bonigarcia.wdm.WebDriverManager -- Using chromedriver 135.0.7049.97 (resolved driver for Chrome 135)
21:27:17.472 [main] DEBUG io.github.bonigarcia.wdm.WebDriverManager -- Driver chromedriver 135.0.7049.97 found in cache
21:27:17.472 [main] INFO io.github.bonigarcia.wdm.WebDriverManager -- Exporting webdriver.chrome.driver as C:\Users\junior\.cache\selenium\chromedriver\win64\135.0.7049.97\chromedriver.exe
]]></system-out>
    <system-err><![CDATA[abr. 22, 2025 9:27:18 PM org.openqa.selenium.devtools.CdpVersionFinder findNearestMatch
WARNING: Unable to find an exact match for CDP version 135, returning the closest version; found: 131; Please update to a Selenium version that supports CDP version 135
]]></system-err>
  </testcase>
</testsuite>